\BOOKMARK [1][-]{section.1}{\376\377\000I\000n\000t\000r\000o\000d\000u\000c\000c\000i\000\363\000n}{}% 1
\BOOKMARK [1][-]{section.2}{\376\377\000C\000o\000n\000f\000i\000g\000u\000r\000a\000c\000i\000\363\000n\000\040\000d\000e\000l\000\040\000E\000n\000t\000o\000r\000n\000o}{}% 2
\BOOKMARK [2][-]{subsection.2.1}{\376\377\000D\000e\000s\000c\000r\000i\000p\000c\000i\000\363\000n\000\040\000d\000e\000l\000\040\000e\000n\000t\000o\000r\000n\000o}{section.2}% 3
\BOOKMARK [2][-]{subsection.2.2}{\376\377\000H\000e\000r\000r\000a\000m\000i\000e\000n\000t\000a\000s\000\040\000d\000e\000l\000\040\000e\000n\000t\000o\000r\000n\000o}{section.2}% 4
\BOOKMARK [1][-]{section.3}{\376\377\000T\000a\000r\000e\000a\000\040\0001\000:\000\040\000S\000Q\000L\000\040\000I\000n\000j\000e\000c\000t\000i\000o\000n\000\040\040\024\000\040\000B\000y\000p\000a\000s\000s\000\040\000d\000e\000\040\000A\000u\000t\000e\000n\000t\000i\000c\000a\000c\000i\000\363\000n}{}% 5
\BOOKMARK [2][-]{subsection.3.1}{\376\377\000D\000e\000s\000c\000r\000i\000p\000c\000i\000\363\000n\000\040\000d\000e\000\040\000l\000a\000\040\000v\000u\000l\000n\000e\000r\000a\000b\000i\000l\000i\000d\000a\000d}{section.3}% 6
\BOOKMARK [2][-]{subsection.3.2}{\376\377\000H\000e\000r\000r\000a\000m\000i\000e\000n\000t\000a\000s\000\040\000u\000t\000i\000l\000i\000z\000a\000d\000a\000s}{section.3}% 7
\BOOKMARK [2][-]{subsection.3.3}{\376\377\000P\000a\000s\000o\000s\000\040\000r\000e\000a\000l\000i\000z\000a\000d\000o\000s}{section.3}% 8
\BOOKMARK [3][-]{subsubsection.3.3.1}{\376\377\000A\000c\000c\000e\000s\000o\000\040\000a\000l\000\040\000f\000o\000r\000m\000u\000l\000a\000r\000i\000o\000\040\000d\000e\000\040\000l\000o\000g\000i\000n}{subsection.3.3}% 9
\BOOKMARK [3][-]{subsubsection.3.3.2}{\376\377\000C\000o\000n\000f\000i\000g\000u\000r\000a\000c\000i\000\363\000n\000\040\000d\000e\000\040\000B\000u\000r\000p\000\040\000S\000u\000i\000t\000e\000\040\000c\000o\000m\000o\000\040\000p\000r\000o\000x\000y\000\040\000H\000T\000T\000P}{subsection.3.3}% 10
\BOOKMARK [3][-]{subsubsection.3.3.3}{\376\377\000I\000n\000y\000e\000c\000c\000i\000\363\000n\000\040\000d\000e\000l\000\040\000p\000a\000y\000l\000o\000a\000d}{subsection.3.3}% 11
\BOOKMARK [3][-]{subsubsection.3.3.4}{\376\377\000I\000n\000t\000e\000r\000c\000e\000p\000c\000i\000\363\000n\000\040\000d\000e\000\040\000l\000a\000\040\000p\000e\000t\000i\000c\000i\000\363\000n\000\040\000P\000O\000S\000T\000\040\000e\000n\000\040\000B\000u\000r\000p\000\040\000S\000u\000i\000t\000e}{subsection.3.3}% 12
\BOOKMARK [3][-]{subsubsection.3.3.5}{\376\377\000V\000e\000r\000i\000f\000i\000c\000a\000c\000i\000\363\000n\000\040\000d\000e\000l\000\040\000a\000c\000c\000e\000s\000o\000\040\000c\000o\000m\000o\000\040\000a\000d\000m\000i\000n\000i\000s\000t\000r\000a\000d\000o\000r}{subsection.3.3}% 13
\BOOKMARK [2][-]{subsection.3.4}{\376\377\000F\000u\000n\000c\000i\000o\000n\000a\000m\000i\000e\000n\000t\000o\000\040\000d\000e\000l\000\040\000a\000t\000a\000q\000u\000e}{section.3}% 14
\BOOKMARK [2][-]{subsection.3.5}{\376\377\000R\000e\000s\000u\000l\000t\000a\000d\000o}{section.3}% 15
\BOOKMARK [1][-]{section.4}{\376\377\000T\000a\000r\000e\000a\000\040\0002\000:\000\040\000S\000e\000n\000s\000i\000t\000i\000v\000e\000\040\000D\000a\000t\000a\000\040\000E\000x\000p\000o\000s\000u\000r\000e\000\040\040\024\000\040\000D\000i\000r\000e\000c\000t\000o\000r\000i\000o\000\040\000/\000f\000t\000p\000\040\000E\000x\000p\000u\000e\000s\000t\000o}{}% 16
\BOOKMARK [2][-]{subsection.4.1}{\376\377\000D\000e\000s\000c\000r\000i\000p\000c\000i\000\363\000n\000\040\000d\000e\000\040\000l\000a\000\040\000v\000u\000l\000n\000e\000r\000a\000b\000i\000l\000i\000d\000a\000d}{section.4}% 17
\BOOKMARK [2][-]{subsection.4.2}{\376\377\000H\000e\000r\000r\000a\000m\000i\000e\000n\000t\000a\000s\000\040\000u\000t\000i\000l\000i\000z\000a\000d\000a\000s}{section.4}% 18
\BOOKMARK [2][-]{subsection.4.3}{\376\377\000P\000a\000s\000o\000s\000\040\000r\000e\000a\000l\000i\000z\000a\000d\000o\000s}{section.4}% 19
\BOOKMARK [3][-]{subsubsection.4.3.1}{\376\377\000A\000c\000c\000e\000s\000o\000\040\000a\000l\000\040\000d\000i\000r\000e\000c\000t\000o\000r\000i\000o\000\040\000/\000f\000t\000p\000\040\000s\000i\000n\000\040\000a\000u\000t\000e\000n\000t\000i\000c\000a\000c\000i\000\363\000n}{subsection.4.3}% 20
\BOOKMARK [3][-]{subsubsection.4.3.2}{\376\377\000D\000e\000s\000c\000a\000r\000g\000a\000\040\000d\000e\000\040\000a\000c\000q\000u\000i\000s\000i\000t\000i\000o\000n\000s\000.\000m\000d\000\040\000c\000o\000n\000\040\000c\000u\000r\000l}{subsection.4.3}% 21
\BOOKMARK [3][-]{subsubsection.4.3.3}{\376\377\000I\000n\000t\000e\000n\000t\000o\000\040\000d\000e\000\040\000d\000e\000s\000c\000a\000r\000g\000a\000\040\000d\000e\000\040\000p\000a\000c\000k\000a\000g\000e\000.\000j\000s\000o\000n\000.\000b\000a\000k}{subsection.4.3}% 22
\BOOKMARK [2][-]{subsection.4.4}{\376\377\000F\000u\000n\000c\000i\000o\000n\000a\000m\000i\000e\000n\000t\000o\000\040\000d\000e\000l\000\040\000a\000t\000a\000q\000u\000e}{section.4}% 23
\BOOKMARK [2][-]{subsection.4.5}{\376\377\000R\000e\000s\000u\000l\000t\000a\000d\000o}{section.4}% 24
\BOOKMARK [1][-]{section.5}{\376\377\000T\000a\000r\000e\000a\000\040\0003\000:\000\040\000B\000r\000o\000k\000e\000n\000\040\000A\000c\000c\000e\000s\000s\000\040\000C\000o\000n\000t\000r\000o\000l\000\040\040\024\000\040\000A\000P\000I\000\040\000d\000e\000\040\000U\000s\000u\000a\000r\000i\000o\000s\000\040\000s\000i\000n\000\040\000A\000u\000t\000e\000n\000t\000i\000c\000a\000c\000i\000\363\000n}{}% 25
